Analysis & Synthesis report for StringRecognizer
Sun Apr 15 04:36:54 2018
Quartus Prime Version 17.1.0 Build 590 10/25/2017 SJ Lite Edition


---------------------
; Table of Contents ;
---------------------
  1. Legal Notice
  2. Analysis & Synthesis Summary
  3. Analysis & Synthesis Settings
  4. Parallel Compilation
  5. Analysis & Synthesis Source Files Read
  6. Analysis & Synthesis Resource Usage Summary
  7. Analysis & Synthesis Resource Utilization by Entity
  8. General Register Statistics
  9. Analysis & Synthesis Messages



----------------
; Legal Notice ;
----------------
Copyright (C) 2017  Intel Corporation. All rights reserved.
Your use of Intel Corporation's design tools, logic functions 
and other software and tools, and its AMPP partner logic 
functions, and any output files from any of the foregoing 
(including device programming or simulation files), and any 
associated documentation or information are expressly subject 
to the terms and conditions of the Intel Program License 
Subscription Agreement, the Intel Quartus Prime License Agreement,
the Intel FPGA IP License Agreement, or other applicable license
agreement, including, without limitation, that your use is for
the sole purpose of programming logic devices manufactured by
Intel and sold by Intel or its authorized distributors.  Please
refer to the applicable agreement for further details.



+---------------------------------------------------------------------------+
; Analysis & Synthesis Summary                                              ;
+-----------------------------+---------------------------------------------+
; Analysis & Synthesis Status ; Successful - Sun Apr 15 04:36:54 2018       ;
; Quartus Prime Version       ; 17.1.0 Build 590 10/25/2017 SJ Lite Edition ;
; Revision Name               ; StringRecognizer                            ;
; Top-level Entity Name       ; mario                                       ;
; Family                      ; MAX V                                       ;
; Total logic elements        ; 90                                          ;
; Total pins                  ; 22                                          ;
; Total virtual pins          ; 0                                           ;
; UFM blocks                  ; 0 / 1 ( 0 % )                               ;
+-----------------------------+---------------------------------------------+


+----------------------------------------------------------------------------------------------------------------------+
; Analysis & Synthesis Settings                                                                                        ;
+----------------------------------------------------------------------------+--------------------+--------------------+
; Option                                                                     ; Setting            ; Default Value      ;
+----------------------------------------------------------------------------+--------------------+--------------------+
; Device                                                                     ; 5M1270ZT144C4      ;                    ;
; Top-level entity name                                                      ; mario              ; StringRecognizer   ;
; Family name                                                                ; MAX V              ; Cyclone V          ;
; Use smart compilation                                                      ; Off                ; Off                ;
; Enable parallel Assembler and TimeQuest Timing Analyzer during compilation ; On                 ; On                 ;
; Enable compact report table                                                ; Off                ; Off                ;
; Restructure Multiplexers                                                   ; Auto               ; Auto               ;
; Create Debugging Nodes for IP Cores                                        ; Off                ; Off                ;
; Preserve fewer node names                                                  ; On                 ; On                 ;
; Intel FPGA IP Evaluation Mode                                              ; Enable             ; Enable             ;
; Verilog Version                                                            ; Verilog_2001       ; Verilog_2001       ;
; VHDL Version                                                               ; VHDL_1993          ; VHDL_1993          ;
; State Machine Processing                                                   ; Auto               ; Auto               ;
; Safe State Machine                                                         ; Off                ; Off                ;
; Extract Verilog State Machines                                             ; On                 ; On                 ;
; Extract VHDL State Machines                                                ; On                 ; On                 ;
; Ignore Verilog initial constructs                                          ; Off                ; Off                ;
; Iteration limit for constant Verilog loops                                 ; 5000               ; 5000               ;
; Iteration limit for non-constant Verilog loops                             ; 250                ; 250                ;
; Add Pass-Through Logic to Inferred RAMs                                    ; On                 ; On                 ;
; Infer RAMs from Raw Logic                                                  ; On                 ; On                 ;
; Parallel Synthesis                                                         ; On                 ; On                 ;
; NOT Gate Push-Back                                                         ; On                 ; On                 ;
; Power-Up Don't Care                                                        ; On                 ; On                 ;
; Remove Redundant Logic Cells                                               ; Off                ; Off                ;
; Remove Duplicate Registers                                                 ; On                 ; On                 ;
; Ignore CARRY Buffers                                                       ; Off                ; Off                ;
; Ignore CASCADE Buffers                                                     ; Off                ; Off                ;
; Ignore GLOBAL Buffers                                                      ; Off                ; Off                ;
; Ignore ROW GLOBAL Buffers                                                  ; Off                ; Off                ;
; Ignore LCELL Buffers                                                       ; Off                ; Off                ;
; Ignore SOFT Buffers                                                        ; On                 ; On                 ;
; Limit AHDL Integers to 32 Bits                                             ; Off                ; Off                ;
; Optimization Technique                                                     ; Balanced           ; Balanced           ;
; Carry Chain Length                                                         ; 70                 ; 70                 ;
; Auto Carry Chains                                                          ; On                 ; On                 ;
; Auto Open-Drain Pins                                                       ; On                 ; On                 ;
; Perform WYSIWYG Primitive Resynthesis                                      ; Off                ; Off                ;
; Auto Shift Register Replacement                                            ; Auto               ; Auto               ;
; Allow Shift Register Merging across Hierarchies                            ; Auto               ; Auto               ;
; Auto Clock Enable Replacement                                              ; On                 ; On                 ;
; Allow Synchronous Control Signals                                          ; On                 ; On                 ;
; Force Use of Synchronous Clear Signals                                     ; Off                ; Off                ;
; Auto Resource Sharing                                                      ; Off                ; Off                ;
; Use LogicLock Constraints during Resource Balancing                        ; On                 ; On                 ;
; Ignore translate_off and synthesis_off directives                          ; Off                ; Off                ;
; Report Parameter Settings                                                  ; On                 ; On                 ;
; Report Source Assignments                                                  ; On                 ; On                 ;
; Report Connectivity Checks                                                 ; On                 ; On                 ;
; Ignore Maximum Fan-Out Assignments                                         ; Off                ; Off                ;
; Synchronization Register Chain Length                                      ; 2                  ; 2                  ;
; Power Optimization During Synthesis                                        ; Normal compilation ; Normal compilation ;
; HDL message level                                                          ; Level2             ; Level2             ;
; Suppress Register Optimization Related Messages                            ; Off                ; Off                ;
; Number of Removed Registers Reported in Synthesis Report                   ; 5000               ; 5000               ;
; Number of Swept Nodes Reported in Synthesis Report                         ; 5000               ; 5000               ;
; Number of Inverted Registers Reported in Synthesis Report                  ; 100                ; 100                ;
; Clock MUX Protection                                                       ; On                 ; On                 ;
; Block Design Naming                                                        ; Auto               ; Auto               ;
; Synthesis Effort                                                           ; Auto               ; Auto               ;
; Shift Register Replacement - Allow Asynchronous Clear Signal               ; On                 ; On                 ;
; Analysis & Synthesis Message Level                                         ; Medium             ; Medium             ;
; Disable Register Merging Across Hierarchies                                ; Auto               ; Auto               ;
+----------------------------------------------------------------------------+--------------------+--------------------+


+------------------------------------------+
; Parallel Compilation                     ;
+----------------------------+-------------+
; Processors                 ; Number      ;
+----------------------------+-------------+
; Number detected on machine ; 4           ;
; Maximum allowed            ; 2           ;
;                            ;             ;
; Average used               ; 1.00        ;
; Maximum used               ; 1           ;
;                            ;             ;
; Usage by Processor         ; % Time Used ;
;     Processor 1            ; 100.0%      ;
+----------------------------+-------------+


+------------------------------------------------------------------------------------------------------------------------------------------+
; Analysis & Synthesis Source Files Read                                                                                                   ;
+----------------------------------+-----------------+-----------------+---------------------------------------------------------+---------+
; File Name with User-Entered Path ; Used in Netlist ; File Type       ; File Name with Absolute Path                            ; Library ;
+----------------------------------+-----------------+-----------------+---------------------------------------------------------+---------+
; StringRecognizer.vhd             ; yes             ; User VHDL File  ; /home/harsh/Desktop/Analog_Project/StringRecognizer.vhd ;         ;
+----------------------------------+-----------------+-----------------+---------------------------------------------------------+---------+


+-----------------------------------------------------+
; Analysis & Synthesis Resource Usage Summary         ;
+---------------------------------------------+-------+
; Resource                                    ; Usage ;
+---------------------------------------------+-------+
; Total logic elements                        ; 90    ;
;     -- Combinational with no register       ; 49    ;
;     -- Register only                        ; 2     ;
;     -- Combinational with a register        ; 39    ;
;                                             ;       ;
; Logic element usage by number of LUT inputs ;       ;
;     -- 4 input functions                    ; 12    ;
;     -- 3 input functions                    ; 22    ;
;     -- 2 input functions                    ; 31    ;
;     -- 1 input functions                    ; 23    ;
;     -- 0 input functions                    ; 0     ;
;                                             ;       ;
; Logic elements by mode                      ;       ;
;     -- normal mode                          ; 90    ;
;     -- arithmetic mode                      ; 0     ;
;     -- qfbk mode                            ; 0     ;
;     -- register cascade mode                ; 0     ;
;     -- synchronous clear/load mode          ; 2     ;
;     -- asynchronous clear/load mode         ; 41    ;
;                                             ;       ;
; Total registers                             ; 41    ;
; I/O pins                                    ; 22    ;
; Maximum fan-out node                        ; reset ;
; Maximum fan-out                             ; 60    ;
; Total fan-out                               ; 301   ;
; Average fan-out                             ; 2.69  ;
+---------------------------------------------+-------+


+-------------------------------------------------------------------------------------------------------------------------------------------------------------------------------------------------------------------------------------------------------------------------------+
; Analysis & Synthesis Resource Utilization by Entity                                                                                                                                                                                                                           ;
+-------------------------------+-------------+--------------+------------+------+--------------+--------------+-------------------+------------------+-----------------+------------+-------------------------------------------------------+-------------------+--------------+
; Compilation Hierarchy Node    ; Logic Cells ; LC Registers ; UFM Blocks ; Pins ; Virtual Pins ; LUT-Only LCs ; Register-Only LCs ; LUT/Register LCs ; Carry Chain LCs ; Packed LCs ; Full Hierarchy Name                                   ; Entity Name       ; Library Name ;
+-------------------------------+-------------+--------------+------------+------+--------------+--------------+-------------------+------------------+-----------------+------------+-------------------------------------------------------+-------------------+--------------+
; |mario                        ; 90 (0)      ; 41           ; 0          ; 22   ; 0            ; 49 (0)       ; 2 (0)             ; 39 (0)           ; 0 (0)           ; 0 (0)      ; |mario                                                ; mario             ; work         ;
;    |GestureRecognizer:gr1|    ; 14 (4)      ; 8            ; 0          ; 0    ; 0            ; 6 (4)        ; 0 (0)             ; 8 (0)            ; 0 (0)           ; 0 (0)      ; |mario|GestureRecognizer:gr1                          ; GestureRecognizer ; work         ;
;       |gesturerecog:gr1|      ; 3 (1)       ; 2            ; 0          ; 0    ; 0            ; 1 (1)        ; 0 (0)             ; 2 (0)            ; 0 (0)           ; 0 (0)      ; |mario|GestureRecognizer:gr1|gesturerecog:gr1         ; gesturerecog      ; work         ;
;          |D_FF:d1|            ; 1 (1)       ; 1            ; 0          ; 0    ; 0            ; 0 (0)        ; 0 (0)             ; 1 (1)            ; 0 (0)           ; 0 (0)      ; |mario|GestureRecognizer:gr1|gesturerecog:gr1|D_FF:d1 ; D_FF              ; work         ;
;          |D_FF:d2|            ; 1 (1)       ; 1            ; 0          ; 0    ; 0            ; 0 (0)        ; 0 (0)             ; 1 (1)            ; 0 (0)           ; 0 (0)      ; |mario|GestureRecognizer:gr1|gesturerecog:gr1|D_FF:d2 ; D_FF              ; work         ;
;       |gesturerecog:gr2|      ; 2 (0)       ; 2            ; 0          ; 0    ; 0            ; 0 (0)        ; 0 (0)             ; 2 (0)            ; 0 (0)           ; 0 (0)      ; |mario|GestureRecognizer:gr1|gesturerecog:gr2         ; gesturerecog      ; work         ;
;          |D_FF:d1|            ; 1 (1)       ; 1            ; 0          ; 0    ; 0            ; 0 (0)        ; 0 (0)             ; 1 (1)            ; 0 (0)           ; 0 (0)      ; |mario|GestureRecognizer:gr1|gesturerecog:gr2|D_FF:d1 ; D_FF              ; work         ;
;          |D_FF:d2|            ; 1 (1)       ; 1            ; 0          ; 0    ; 0            ; 0 (0)        ; 0 (0)             ; 1 (1)            ; 0 (0)           ; 0 (0)      ; |mario|GestureRecognizer:gr1|gesturerecog:gr2|D_FF:d2 ; D_FF              ; work         ;
;       |gesturerecog:gr3|      ; 2 (0)       ; 2            ; 0          ; 0    ; 0            ; 0 (0)        ; 0 (0)             ; 2 (0)            ; 0 (0)           ; 0 (0)      ; |mario|GestureRecognizer:gr1|gesturerecog:gr3         ; gesturerecog      ; work         ;
;          |D_FF:d1|            ; 1 (1)       ; 1            ; 0          ; 0    ; 0            ; 0 (0)        ; 0 (0)             ; 1 (1)            ; 0 (0)           ; 0 (0)      ; |mario|GestureRecognizer:gr1|gesturerecog:gr3|D_FF:d1 ; D_FF              ; work         ;
;          |D_FF:d2|            ; 1 (1)       ; 1            ; 0          ; 0    ; 0            ; 0 (0)        ; 0 (0)             ; 1 (1)            ; 0 (0)           ; 0 (0)      ; |mario|GestureRecognizer:gr1|gesturerecog:gr3|D_FF:d2 ; D_FF              ; work         ;
;       |gesturerecog:gr4|      ; 3 (1)       ; 2            ; 0          ; 0    ; 0            ; 1 (1)        ; 0 (0)             ; 2 (0)            ; 0 (0)           ; 0 (0)      ; |mario|GestureRecognizer:gr1|gesturerecog:gr4         ; gesturerecog      ; work         ;
;          |D_FF:d1|            ; 1 (1)       ; 1            ; 0          ; 0    ; 0            ; 0 (0)        ; 0 (0)             ; 1 (1)            ; 0 (0)           ; 0 (0)      ; |mario|GestureRecognizer:gr1|gesturerecog:gr4|D_FF:d1 ; D_FF              ; work         ;
;          |D_FF:d2|            ; 1 (1)       ; 1            ; 0          ; 0    ; 0            ; 0 (0)        ; 0 (0)             ; 1 (1)            ; 0 (0)           ; 0 (0)      ; |mario|GestureRecognizer:gr1|gesturerecog:gr4|D_FF:d2 ; D_FF              ; work         ;
;    |eightbit:e1|              ; 15 (10)     ; 5            ; 0          ; 0    ; 0            ; 10 (10)      ; 1 (0)             ; 4 (0)            ; 0 (0)           ; 0 (0)      ; |mario|eightbit:e1                                    ; eightbit          ; work         ;
;       |D_FF:d00|              ; 1 (1)       ; 1            ; 0          ; 0    ; 0            ; 0 (0)        ; 0 (0)             ; 1 (1)            ; 0 (0)           ; 0 (0)      ; |mario|eightbit:e1|D_FF:d00                           ; D_FF              ; work         ;
;       |D_FF:d0|               ; 1 (1)       ; 1            ; 0          ; 0    ; 0            ; 0 (0)        ; 1 (1)             ; 0 (0)            ; 0 (0)           ; 0 (0)      ; |mario|eightbit:e1|D_FF:d0                            ; D_FF              ; work         ;
;       |D_FF:d1|               ; 1 (1)       ; 1            ; 0          ; 0    ; 0            ; 0 (0)        ; 0 (0)             ; 1 (1)            ; 0 (0)           ; 0 (0)      ; |mario|eightbit:e1|D_FF:d1                            ; D_FF              ; work         ;
;       |D_FF:d2|               ; 1 (1)       ; 1            ; 0          ; 0    ; 0            ; 0 (0)        ; 0 (0)             ; 1 (1)            ; 0 (0)           ; 0 (0)      ; |mario|eightbit:e1|D_FF:d2                            ; D_FF              ; work         ;
;       |D_FF:d3|               ; 1 (1)       ; 1            ; 0          ; 0    ; 0            ; 0 (0)        ; 0 (0)             ; 1 (1)            ; 0 (0)           ; 0 (0)      ; |mario|eightbit:e1|D_FF:d3                            ; D_FF              ; work         ;
;    |eightbit:e2|              ; 15 (10)     ; 5            ; 0          ; 0    ; 0            ; 10 (10)      ; 1 (0)             ; 4 (0)            ; 0 (0)           ; 0 (0)      ; |mario|eightbit:e2                                    ; eightbit          ; work         ;
;       |D_FF:d00|              ; 1 (1)       ; 1            ; 0          ; 0    ; 0            ; 0 (0)        ; 0 (0)             ; 1 (1)            ; 0 (0)           ; 0 (0)      ; |mario|eightbit:e2|D_FF:d00                           ; D_FF              ; work         ;
;       |D_FF:d0|               ; 1 (1)       ; 1            ; 0          ; 0    ; 0            ; 0 (0)        ; 1 (1)             ; 0 (0)            ; 0 (0)           ; 0 (0)      ; |mario|eightbit:e2|D_FF:d0                            ; D_FF              ; work         ;
;       |D_FF:d1|               ; 1 (1)       ; 1            ; 0          ; 0    ; 0            ; 0 (0)        ; 0 (0)             ; 1 (1)            ; 0 (0)           ; 0 (0)      ; |mario|eightbit:e2|D_FF:d1                            ; D_FF              ; work         ;
;       |D_FF:d2|               ; 1 (1)       ; 1            ; 0          ; 0    ; 0            ; 0 (0)        ; 0 (0)             ; 1 (1)            ; 0 (0)           ; 0 (0)      ; |mario|eightbit:e2|D_FF:d2                            ; D_FF              ; work         ;
;       |D_FF:d3|               ; 1 (1)       ; 1            ; 0          ; 0    ; 0            ; 0 (0)        ; 0 (0)             ; 1 (1)            ; 0 (0)           ; 0 (0)      ; |mario|eightbit:e2|D_FF:d3                            ; D_FF              ; work         ;
;    |two_19:tt|                ; 46 (0)      ; 23           ; 0          ; 0    ; 0            ; 23 (0)       ; 0 (0)             ; 23 (0)           ; 0 (0)           ; 0 (0)      ; |mario|two_19:tt                                      ; two_19            ; work         ;
;       |d_two:\random:0:twox|  ; 2 (1)       ; 1            ; 0          ; 0    ; 0            ; 1 (1)        ; 0 (0)             ; 1 (0)            ; 0 (0)           ; 0 (0)      ; |mario|two_19:tt|d_two:\random:0:twox                 ; d_two             ; work         ;
;          |D_FF:D_FF1|         ; 1 (1)       ; 1            ; 0          ; 0    ; 0            ; 0 (0)        ; 0 (0)             ; 1 (1)            ; 0 (0)           ; 0 (0)      ; |mario|two_19:tt|d_two:\random:0:twox|D_FF:D_FF1      ; D_FF              ; work         ;
;       |d_two:\random:10:twox| ; 2 (1)       ; 1            ; 0          ; 0    ; 0            ; 1 (1)        ; 0 (0)             ; 1 (0)            ; 0 (0)           ; 0 (0)      ; |mario|two_19:tt|d_two:\random:10:twox                ; d_two             ; work         ;
;          |D_FF:D_FF1|         ; 1 (1)       ; 1            ; 0          ; 0    ; 0            ; 0 (0)        ; 0 (0)             ; 1 (1)            ; 0 (0)           ; 0 (0)      ; |mario|two_19:tt|d_two:\random:10:twox|D_FF:D_FF1     ; D_FF              ; work         ;
;       |d_two:\random:11:twox| ; 2 (1)       ; 1            ; 0          ; 0    ; 0            ; 1 (1)        ; 0 (0)             ; 1 (0)            ; 0 (0)           ; 0 (0)      ; |mario|two_19:tt|d_two:\random:11:twox                ; d_two             ; work         ;
;          |D_FF:D_FF1|         ; 1 (1)       ; 1            ; 0          ; 0    ; 0            ; 0 (0)        ; 0 (0)             ; 1 (1)            ; 0 (0)           ; 0 (0)      ; |mario|two_19:tt|d_two:\random:11:twox|D_FF:D_FF1     ; D_FF              ; work         ;
;       |d_two:\random:12:twox| ; 2 (1)       ; 1            ; 0          ; 0    ; 0            ; 1 (1)        ; 0 (0)             ; 1 (0)            ; 0 (0)           ; 0 (0)      ; |mario|two_19:tt|d_two:\random:12:twox                ; d_two             ; work         ;
;          |D_FF:D_FF1|         ; 1 (1)       ; 1            ; 0          ; 0    ; 0            ; 0 (0)        ; 0 (0)             ; 1 (1)            ; 0 (0)           ; 0 (0)      ; |mario|two_19:tt|d_two:\random:12:twox|D_FF:D_FF1     ; D_FF              ; work         ;
;       |d_two:\random:13:twox| ; 2 (1)       ; 1            ; 0          ; 0    ; 0            ; 1 (1)        ; 0 (0)             ; 1 (0)            ; 0 (0)           ; 0 (0)      ; |mario|two_19:tt|d_two:\random:13:twox                ; d_two             ; work         ;
;          |D_FF:D_FF1|         ; 1 (1)       ; 1            ; 0          ; 0    ; 0            ; 0 (0)        ; 0 (0)             ; 1 (1)            ; 0 (0)           ; 0 (0)      ; |mario|two_19:tt|d_two:\random:13:twox|D_FF:D_FF1     ; D_FF              ; work         ;
;       |d_two:\random:14:twox| ; 2 (1)       ; 1            ; 0          ; 0    ; 0            ; 1 (1)        ; 0 (0)             ; 1 (0)            ; 0 (0)           ; 0 (0)      ; |mario|two_19:tt|d_two:\random:14:twox                ; d_two             ; work         ;
;          |D_FF:D_FF1|         ; 1 (1)       ; 1            ; 0          ; 0    ; 0            ; 0 (0)        ; 0 (0)             ; 1 (1)            ; 0 (0)           ; 0 (0)      ; |mario|two_19:tt|d_two:\random:14:twox|D_FF:D_FF1     ; D_FF              ; work         ;
;       |d_two:\random:15:twox| ; 2 (1)       ; 1            ; 0          ; 0    ; 0            ; 1 (1)        ; 0 (0)             ; 1 (0)            ; 0 (0)           ; 0 (0)      ; |mario|two_19:tt|d_two:\random:15:twox                ; d_two             ; work         ;
;          |D_FF:D_FF1|         ; 1 (1)       ; 1            ; 0          ; 0    ; 0            ; 0 (0)        ; 0 (0)             ; 1 (1)            ; 0 (0)           ; 0 (0)      ; |mario|two_19:tt|d_two:\random:15:twox|D_FF:D_FF1     ; D_FF              ; work         ;
;       |d_two:\random:16:twox| ; 2 (1)       ; 1            ; 0          ; 0    ; 0            ; 1 (1)        ; 0 (0)             ; 1 (0)            ; 0 (0)           ; 0 (0)      ; |mario|two_19:tt|d_two:\random:16:twox                ; d_two             ; work         ;
;          |D_FF:D_FF1|         ; 1 (1)       ; 1            ; 0          ; 0    ; 0            ; 0 (0)        ; 0 (0)             ; 1 (1)            ; 0 (0)           ; 0 (0)      ; |mario|two_19:tt|d_two:\random:16:twox|D_FF:D_FF1     ; D_FF              ; work         ;
;       |d_two:\random:17:twox| ; 2 (1)       ; 1            ; 0          ; 0    ; 0            ; 1 (1)        ; 0 (0)             ; 1 (0)            ; 0 (0)           ; 0 (0)      ; |mario|two_19:tt|d_two:\random:17:twox                ; d_two             ; work         ;
;          |D_FF:D_FF1|         ; 1 (1)       ; 1            ; 0          ; 0    ; 0            ; 0 (0)        ; 0 (0)             ; 1 (1)            ; 0 (0)           ; 0 (0)      ; |mario|two_19:tt|d_two:\random:17:twox|D_FF:D_FF1     ; D_FF              ; work         ;
;       |d_two:\random:18:twox| ; 2 (1)       ; 1            ; 0          ; 0    ; 0            ; 1 (1)        ; 0 (0)             ; 1 (0)            ; 0 (0)           ; 0 (0)      ; |mario|two_19:tt|d_two:\random:18:twox                ; d_two             ; work         ;
;          |D_FF:D_FF1|         ; 1 (1)       ; 1            ; 0          ; 0    ; 0            ; 0 (0)        ; 0 (0)             ; 1 (1)            ; 0 (0)           ; 0 (0)      ; |mario|two_19:tt|d_two:\random:18:twox|D_FF:D_FF1     ; D_FF              ; work         ;
;       |d_two:\random:19:twox| ; 2 (1)       ; 1            ; 0          ; 0    ; 0            ; 1 (1)        ; 0 (0)             ; 1 (0)            ; 0 (0)           ; 0 (0)      ; |mario|two_19:tt|d_two:\random:19:twox                ; d_two             ; work         ;
;          |D_FF:D_FF1|         ; 1 (1)       ; 1            ; 0          ; 0    ; 0            ; 0 (0)        ; 0 (0)             ; 1 (1)            ; 0 (0)           ; 0 (0)      ; |mario|two_19:tt|d_two:\random:19:twox|D_FF:D_FF1     ; D_FF              ; work         ;
;       |d_two:\random:1:twox|  ; 2 (1)       ; 1            ; 0          ; 0    ; 0            ; 1 (1)        ; 0 (0)             ; 1 (0)            ; 0 (0)           ; 0 (0)      ; |mario|two_19:tt|d_two:\random:1:twox                 ; d_two             ; work         ;
;          |D_FF:D_FF1|         ; 1 (1)       ; 1            ; 0          ; 0    ; 0            ; 0 (0)        ; 0 (0)             ; 1 (1)            ; 0 (0)           ; 0 (0)      ; |mario|two_19:tt|d_two:\random:1:twox|D_FF:D_FF1      ; D_FF              ; work         ;
;       |d_two:\random:20:twox| ; 2 (1)       ; 1            ; 0          ; 0    ; 0            ; 1 (1)        ; 0 (0)             ; 1 (0)            ; 0 (0)           ; 0 (0)      ; |mario|two_19:tt|d_two:\random:20:twox                ; d_two             ; work         ;
;          |D_FF:D_FF1|         ; 1 (1)       ; 1            ; 0          ; 0    ; 0            ; 0 (0)        ; 0 (0)             ; 1 (1)            ; 0 (0)           ; 0 (0)      ; |mario|two_19:tt|d_two:\random:20:twox|D_FF:D_FF1     ; D_FF              ; work         ;
;       |d_two:\random:21:twox| ; 2 (1)       ; 1            ; 0          ; 0    ; 0            ; 1 (1)        ; 0 (0)             ; 1 (0)            ; 0 (0)           ; 0 (0)      ; |mario|two_19:tt|d_two:\random:21:twox                ; d_two             ; work         ;
;          |D_FF:D_FF1|         ; 1 (1)       ; 1            ; 0          ; 0    ; 0            ; 0 (0)        ; 0 (0)             ; 1 (1)            ; 0 (0)           ; 0 (0)      ; |mario|two_19:tt|d_two:\random:21:twox|D_FF:D_FF1     ; D_FF              ; work         ;
;       |d_two:\random:22:twox| ; 2 (1)       ; 1            ; 0          ; 0    ; 0            ; 1 (1)        ; 0 (0)             ; 1 (0)            ; 0 (0)           ; 0 (0)      ; |mario|two_19:tt|d_two:\random:22:twox                ; d_two             ; work         ;
;          |D_FF:D_FF1|         ; 1 (1)       ; 1            ; 0          ; 0    ; 0            ; 0 (0)        ; 0 (0)             ; 1 (1)            ; 0 (0)           ; 0 (0)      ; |mario|two_19:tt|d_two:\random:22:twox|D_FF:D_FF1     ; D_FF              ; work         ;
;       |d_two:\random:2:twox|  ; 2 (1)       ; 1            ; 0          ; 0    ; 0            ; 1 (1)        ; 0 (0)             ; 1 (0)            ; 0 (0)           ; 0 (0)      ; |mario|two_19:tt|d_two:\random:2:twox                 ; d_two             ; work         ;
;          |D_FF:D_FF1|         ; 1 (1)       ; 1            ; 0          ; 0    ; 0            ; 0 (0)        ; 0 (0)             ; 1 (1)            ; 0 (0)           ; 0 (0)      ; |mario|two_19:tt|d_two:\random:2:twox|D_FF:D_FF1      ; D_FF              ; work         ;
;       |d_two:\random:3:twox|  ; 2 (1)       ; 1            ; 0          ; 0    ; 0            ; 1 (1)        ; 0 (0)             ; 1 (0)            ; 0 (0)           ; 0 (0)      ; |mario|two_19:tt|d_two:\random:3:twox                 ; d_two             ; work         ;
;          |D_FF:D_FF1|         ; 1 (1)       ; 1            ; 0          ; 0    ; 0            ; 0 (0)        ; 0 (0)             ; 1 (1)            ; 0 (0)           ; 0 (0)      ; |mario|two_19:tt|d_two:\random:3:twox|D_FF:D_FF1      ; D_FF              ; work         ;
;       |d_two:\random:4:twox|  ; 2 (1)       ; 1            ; 0          ; 0    ; 0            ; 1 (1)        ; 0 (0)             ; 1 (0)            ; 0 (0)           ; 0 (0)      ; |mario|two_19:tt|d_two:\random:4:twox                 ; d_two             ; work         ;
;          |D_FF:D_FF1|         ; 1 (1)       ; 1            ; 0          ; 0    ; 0            ; 0 (0)        ; 0 (0)             ; 1 (1)            ; 0 (0)           ; 0 (0)      ; |mario|two_19:tt|d_two:\random:4:twox|D_FF:D_FF1      ; D_FF              ; work         ;
;       |d_two:\random:5:twox|  ; 2 (1)       ; 1            ; 0          ; 0    ; 0            ; 1 (1)        ; 0 (0)             ; 1 (0)            ; 0 (0)           ; 0 (0)      ; |mario|two_19:tt|d_two:\random:5:twox                 ; d_two             ; work         ;
;          |D_FF:D_FF1|         ; 1 (1)       ; 1            ; 0          ; 0    ; 0            ; 0 (0)        ; 0 (0)             ; 1 (1)            ; 0 (0)           ; 0 (0)      ; |mario|two_19:tt|d_two:\random:5:twox|D_FF:D_FF1      ; D_FF              ; work         ;
;       |d_two:\random:6:twox|  ; 2 (1)       ; 1            ; 0          ; 0    ; 0            ; 1 (1)        ; 0 (0)             ; 1 (0)            ; 0 (0)           ; 0 (0)      ; |mario|two_19:tt|d_two:\random:6:twox                 ; d_two             ; work         ;
;          |D_FF:D_FF1|         ; 1 (1)       ; 1            ; 0          ; 0    ; 0            ; 0 (0)        ; 0 (0)             ; 1 (1)            ; 0 (0)           ; 0 (0)      ; |mario|two_19:tt|d_two:\random:6:twox|D_FF:D_FF1      ; D_FF              ; work         ;
;       |d_two:\random:7:twox|  ; 2 (1)       ; 1            ; 0          ; 0    ; 0            ; 1 (1)        ; 0 (0)             ; 1 (0)            ; 0 (0)           ; 0 (0)      ; |mario|two_19:tt|d_two:\random:7:twox                 ; d_two             ; work         ;
;          |D_FF:D_FF1|         ; 1 (1)       ; 1            ; 0          ; 0    ; 0            ; 0 (0)        ; 0 (0)             ; 1 (1)            ; 0 (0)           ; 0 (0)      ; |mario|two_19:tt|d_two:\random:7:twox|D_FF:D_FF1      ; D_FF              ; work         ;
;       |d_two:\random:8:twox|  ; 2 (1)       ; 1            ; 0          ; 0    ; 0            ; 1 (1)        ; 0 (0)             ; 1 (0)            ; 0 (0)           ; 0 (0)      ; |mario|two_19:tt|d_two:\random:8:twox                 ; d_two             ; work         ;
;          |D_FF:D_FF1|         ; 1 (1)       ; 1            ; 0          ; 0    ; 0            ; 0 (0)        ; 0 (0)             ; 1 (1)            ; 0 (0)           ; 0 (0)      ; |mario|two_19:tt|d_two:\random:8:twox|D_FF:D_FF1      ; D_FF              ; work         ;
;       |d_two:\random:9:twox|  ; 2 (1)       ; 1            ; 0          ; 0    ; 0            ; 1 (1)        ; 0 (0)             ; 1 (0)            ; 0 (0)           ; 0 (0)      ; |mario|two_19:tt|d_two:\random:9:twox                 ; d_two             ; work         ;
;          |D_FF:D_FF1|         ; 1 (1)       ; 1            ; 0          ; 0    ; 0            ; 0 (0)        ; 0 (0)             ; 1 (1)            ; 0 (0)           ; 0 (0)      ; |mario|two_19:tt|d_two:\random:9:twox|D_FF:D_FF1      ; D_FF              ; work         ;
+-------------------------------+-------------+--------------+------------+------+--------------+--------------+-------------------+------------------+-----------------+------------+-------------------------------------------------------+-------------------+--------------+
Note: For table entries with two numbers listed, the numbers in parentheses indicate the number of resources of the given type used by the specific entity alone. The numbers listed outside of parentheses indicate the total resources of the given type used by the specific entity and all of its sub-entities in the hierarchy.


+------------------------------------------------------+
; General Register Statistics                          ;
+----------------------------------------------+-------+
; Statistic                                    ; Value ;
+----------------------------------------------+-------+
; Total registers                              ; 41    ;
; Number of registers using Synchronous Clear  ; 2     ;
; Number of registers using Synchronous Load   ; 0     ;
; Number of registers using Asynchronous Clear ; 41    ;
; Number of registers using Asynchronous Load  ; 0     ;
; Number of registers using Clock Enable       ; 0     ;
; Number of registers using Preset             ; 0     ;
+----------------------------------------------+-------+


+-------------------------------+
; Analysis & Synthesis Messages ;
+-------------------------------+
Info: *******************************************************************
Info: Running Quartus Prime Analysis & Synthesis
    Info: Version 17.1.0 Build 590 10/25/2017 SJ Lite Edition
    Info: Processing started: Sun Apr 15 04:36:39 2018
Info: Command: quartus_map --read_settings_files=on --write_settings_files=off StringRecognizer -c StringRecognizer
Warning (18236): Number of processors has not been specified which may cause overloading on shared machines.  Set the global assignment NUM_PARALLEL_PROCESSORS in your QSF to an appropriate value for best performance.
Info (20030): Parallel compilation is enabled and will use 2 of the 2 processors detected
Info (12021): Found 25 design units, including 12 entities, in source file StringRecognizer.vhd
    Info (12022): Found design unit 1: harsh File: /home/harsh/Desktop/Analog_Project/StringRecognizer.vhd Line: 5
    Info (12022): Found design unit 2: d_two-twod File: /home/harsh/Desktop/Analog_Project/StringRecognizer.vhd Line: 51
    Info (12022): Found design unit 3: d_four-fourd File: /home/harsh/Desktop/Analog_Project/StringRecognizer.vhd Line: 68
    Info (12022): Found design unit 4: two_19-t19 File: /home/harsh/Desktop/Analog_Project/StringRecognizer.vhd Line: 84
    Info (12022): Found design unit 5: JK_FF-behavioral File: /home/harsh/Desktop/Analog_Project/StringRecognizer.vhd Line: 106
    Info (12022): Found design unit 6: D_FF-WhatDoYouCare File: /home/harsh/Desktop/Analog_Project/StringRecognizer.vhd Line: 140
    Info (12022): Found design unit 7: gesturerecog-jesture File: /home/harsh/Desktop/Analog_Project/StringRecognizer.vhd Line: 161
    Info (12022): Found design unit 8: GestureRecognizer-pikachu File: /home/harsh/Desktop/Analog_Project/StringRecognizer.vhd Line: 184
    Info (12022): Found design unit 9: eightbit-pichu File: /home/harsh/Desktop/Analog_Project/StringRecognizer.vhd Line: 210
    Info (12022): Found design unit 10: eightbitcounter-venosaur File: /home/harsh/Desktop/Analog_Project/StringRecognizer.vhd Line: 246
    Info (12022): Found design unit 11: mario-raichu File: /home/harsh/Desktop/Analog_Project/StringRecognizer.vhd Line: 275
    Info (12022): Found design unit 12: StringRecognizer-raichu File: /home/harsh/Desktop/Analog_Project/StringRecognizer.vhd Line: 295
    Info (12022): Found design unit 13: awaaz-bulbasaur File: /home/harsh/Desktop/Analog_Project/StringRecognizer.vhd Line: 309
    Info (12023): Found entity 1: d_two File: /home/harsh/Desktop/Analog_Project/StringRecognizer.vhd Line: 48
    Info (12023): Found entity 2: d_four File: /home/harsh/Desktop/Analog_Project/StringRecognizer.vhd Line: 65
    Info (12023): Found entity 3: two_19 File: /home/harsh/Desktop/Analog_Project/StringRecognizer.vhd Line: 81
    Info (12023): Found entity 4: JK_FF File: /home/harsh/Desktop/Analog_Project/StringRecognizer.vhd Line: 102
    Info (12023): Found entity 5: D_FF File: /home/harsh/Desktop/Analog_Project/StringRecognizer.vhd Line: 137
    Info (12023): Found entity 6: gesturerecog File: /home/harsh/Desktop/Analog_Project/StringRecognizer.vhd Line: 158
    Info (12023): Found entity 7: GestureRecognizer File: /home/harsh/Desktop/Analog_Project/StringRecognizer.vhd Line: 181
    Info (12023): Found entity 8: eightbit File: /home/harsh/Desktop/Analog_Project/StringRecognizer.vhd Line: 207
    Info (12023): Found entity 9: eightbitcounter File: /home/harsh/Desktop/Analog_Project/StringRecognizer.vhd Line: 243
    Info (12023): Found entity 10: mario File: /home/harsh/Desktop/Analog_Project/StringRecognizer.vhd Line: 272
    Info (12023): Found entity 11: StringRecognizer File: /home/harsh/Desktop/Analog_Project/StringRecognizer.vhd Line: 292
    Info (12023): Found entity 12: awaaz File: /home/harsh/Desktop/Analog_Project/StringRecognizer.vhd Line: 306
Info (12127): Elaborating entity "mario" for the top level hierarchy
Info (12128): Elaborating entity "two_19" for hierarchy "two_19:tt" File: /home/harsh/Desktop/Analog_Project/StringRecognizer.vhd Line: 279
Info (12128): Elaborating entity "d_two" for hierarchy "two_19:tt|d_two:\random:0:twox" File: /home/harsh/Desktop/Analog_Project/StringRecognizer.vhd Line: 89
Info (12128): Elaborating entity "D_FF" for hierarchy "two_19:tt|d_two:\random:0:twox|D_FF:D_FF1" File: /home/harsh/Desktop/Analog_Project/StringRecognizer.vhd Line: 55
Info (12128): Elaborating entity "GestureRecognizer" for hierarchy "GestureRecognizer:gr1" File: /home/harsh/Desktop/Analog_Project/StringRecognizer.vhd Line: 280
Info (12128): Elaborating entity "gesturerecog" for hierarchy "GestureRecognizer:gr1|gesturerecog:gr1" File: /home/harsh/Desktop/Analog_Project/StringRecognizer.vhd Line: 195
Info (12128): Elaborating entity "eightbit" for hierarchy "eightbit:e1" File: /home/harsh/Desktop/Analog_Project/StringRecognizer.vhd Line: 281
Info (21057): Implemented 112 device resources after synthesis - the final resource count might be different
    Info (21058): Implemented 6 input pins
    Info (21059): Implemented 16 output pins
    Info (21061): Implemented 90 logic cells
Info: Quartus Prime Analysis & Synthesis was successful. 0 errors, 1 warning
    Info: Peak virtual memory: 946 megabytes
    Info: Processing ended: Sun Apr 15 04:36:54 2018
    Info: Elapsed time: 00:00:15
    Info: Total CPU time (on all processors): 00:00:38


