Flow report for StringRecognizer
Tue Apr 10 20:54:58 2018
Quartus Prime Version 17.1.0 Build 590 10/25/2017 SJ Lite Edition


---------------------
; Table of Contents ;
---------------------
  1. Legal Notice
  2. Flow Summary
  3. Flow Settings
  4. Flow Non-Default Global Settings
  5. Flow Elapsed Time
  6. Flow OS Summary
  7. Flow Log
  8. Flow Messages
  9. Flow Suppressed Messages



----------------
; Legal Notice ;
----------------
Copyright (C) 2017  Intel Corporation. All rights reserved.
Your use of Intel Corporation's design tools, logic functions 
and other software and tools, and its AMPP partner logic 
functions, and any output files from any of the foregoing 
(including device programming or simulation files), and any 
associated documentation or information are expressly subject 
to the terms and conditions of the Intel Program License 
Subscription Agreement, the Intel Quartus Prime License Agreement,
the Intel FPGA IP License Agreement, or other applicable license
agreement, including, without limitation, that your use is for
the sole purpose of programming logic devices manufactured by
Intel and sold by Intel or its authorized distributors.  Please
refer to the applicable agreement for further details.



+---------------------------------------------------------------------+
; Flow Summary                                                        ;
+-----------------------+---------------------------------------------+
; Flow Status           ; Successful - Tue Apr 10 20:54:58 2018       ;
; Quartus Prime Version ; 17.1.0 Build 590 10/25/2017 SJ Lite Edition ;
; Revision Name         ; StringRecognizer                            ;
; Top-level Entity Name ; StringRecognizer                            ;
; Family                ; MAX V                                       ;
; Device                ; 5M1270ZT144C4                               ;
; Timing Models         ; Final                                       ;
; Total logic elements  ; 38 / 1,270 ( 3 % )                          ;
; Total pins            ; 22 / 114 ( 19 % )                           ;
; Total virtual pins    ; 0                                           ;
; UFM blocks            ; 0 / 1 ( 0 % )                               ;
+-----------------------+---------------------------------------------+


+-----------------------------------------+
; Flow Settings                           ;
+-------------------+---------------------+
; Option            ; Setting             ;
+-------------------+---------------------+
; Start date & time ; 04/10/2018 20:54:37 ;
; Main task         ; Compilation         ;
; Revision Name     ; StringRecognizer    ;
+-------------------+---------------------+


+----------------------------------------------------------------------------------------------------------------------+
; Flow Non-Default Global Settings                                                                                     ;
+--------------------------------------+--------------------------------+---------------+-------------+----------------+
; Assignment Name                      ; Value                          ; Default Value ; Entity Name ; Section Id     ;
+--------------------------------------+--------------------------------+---------------+-------------+----------------+
; COMPILER_SIGNATURE_ID                ; 53839333945189.152337387710385 ; --            ; --          ; --             ;
; EDA_DESIGN_INSTANCE_NAME             ; dut                            ; --            ; --          ; Testbench      ;
; EDA_NATIVELINK_SIMULATION_TEST_BENCH ; Testbench                      ; --            ; --          ; eda_simulation ;
; EDA_OUTPUT_DATA_FORMAT               ; Vhdl                           ; --            ; --          ; eda_simulation ;
; EDA_SIMULATION_TOOL                  ; ModelSim-Altera (VHDL)         ; <None>        ; --          ; --             ;
; EDA_TEST_BENCH_ENABLE_STATUS         ; TEST_BENCH_MODE                ; --            ; --          ; eda_simulation ;
; EDA_TEST_BENCH_FILE                  ; String-Testbench.vhd           ; --            ; --          ; Testbench      ;
; EDA_TEST_BENCH_MODULE_NAME           ; Testbench                      ; --            ; --          ; Testbench      ;
; EDA_TEST_BENCH_NAME                  ; Testbench                      ; --            ; --          ; eda_simulation ;
; EDA_TIME_SCALE                       ; 1 ps                           ; --            ; --          ; eda_simulation ;
; MAX_CORE_JUNCTION_TEMP               ; 85                             ; --            ; --          ; --             ;
; MIN_CORE_JUNCTION_TEMP               ; 0                              ; --            ; --          ; --             ;
; POWER_PRESET_COOLING_SOLUTION        ; No Heat Sink With Still Air    ; --            ; --          ; --             ;
; PROJECT_OUTPUT_DIRECTORY             ; output_files                   ; --            ; --          ; --             ;
+--------------------------------------+--------------------------------+---------------+-------------+----------------+


+-------------------------------------------------------------------------------------------------------------------------------+
; Flow Elapsed Time                                                                                                             ;
+---------------------------+--------------+-------------------------+---------------------+------------------------------------+
; Module Name               ; Elapsed Time ; Average Processors Used ; Peak Virtual Memory ; Total CPU Time (on all processors) ;
+---------------------------+--------------+-------------------------+---------------------+------------------------------------+
; Analysis & Synthesis      ; 00:00:15     ; 1.0                     ; 940 MB              ; 00:00:39                           ;
; Fitter                    ; 00:00:01     ; 1.0                     ; 1082 MB             ; 00:00:01                           ;
; Assembler                 ; 00:00:00     ; 1.0                     ; 790 MB              ; 00:00:00                           ;
; TimeQuest Timing Analyzer ; 00:00:01     ; 1.0                     ; 714 MB              ; 00:00:01                           ;
; EDA Netlist Writer        ; 00:00:00     ; 1.0                     ; 1021 MB             ; 00:00:00                           ;
; Total                     ; 00:00:17     ; --                      ; --                  ; 00:00:41                           ;
+---------------------------+--------------+-------------------------+---------------------+------------------------------------+


+----------------------------------------------------------------------------------------------+
; Flow OS Summary                                                                              ;
+---------------------------+-------------------+----------------+------------+----------------+
; Module Name               ; Machine Hostname  ; OS Name        ; OS Version ; Processor type ;
+---------------------------+-------------------+----------------+------------+----------------+
; Analysis & Synthesis      ; harsh-HP-Notebook ; Ubuntu 16.04.4 ; 16         ; x86_64         ;
; Fitter                    ; harsh-HP-Notebook ; Ubuntu 16.04.4 ; 16         ; x86_64         ;
; Assembler                 ; harsh-HP-Notebook ; Ubuntu 16.04.4 ; 16         ; x86_64         ;
; TimeQuest Timing Analyzer ; harsh-HP-Notebook ; Ubuntu 16.04.4 ; 16         ; x86_64         ;
; EDA Netlist Writer        ; harsh-HP-Notebook ; Ubuntu 16.04.4 ; 16         ; x86_64         ;
+---------------------------+-------------------+----------------+------------+----------------+


------------
; Flow Log ;
------------
quartus_map --read_settings_files=on --write_settings_files=off StringRecognizer -c StringRecognizer
quartus_fit --read_settings_files=off --write_settings_files=off StringRecognizer -c StringRecognizer
quartus_asm --read_settings_files=off --write_settings_files=off StringRecognizer -c StringRecognizer
quartus_sta StringRecognizer -c StringRecognizer
quartus_eda --read_settings_files=off --write_settings_files=off StringRecognizer -c StringRecognizer



